Arguments: 
  C:\Program Files\nodejs\node.exe C:\Program Files (x86)\Yarn\bin\yarn.js dev

PATH: 
  C:\Windows\system32;C:\Windows;C:\Windows\System32\Wbem;C:\Windows\System32\WindowsPowerShell\v1.0\;C:\Windows\System32\OpenSSH\;C:\ProgramData\chocolatey\bin;C:\Program Files (x86)\Yarn\bin\;C:\xampp\php;C:\composer;C:\Program Files\nodejs\;C:\Program Files\OpenJDK\openjdk-8u262-b10\bin;C:\Program Files\Git\cmd;C:\Users\CARNE MONGOLIANA\AppData\Local\Programs\Python\Python37\Scripts\;C:\Users\CARNE MONGOLIANA\AppData\Local\Programs\Python\Python37\;C:\Users\CARNE MONGOLIANA\AppData\Local\Microsoft\WindowsApps;C:\Users\CARNE MONGOLIANA\AppData\Local\Programs\Microsoft VS Code\bin;C:\Users\CARNE MONGOLIANA\AppData\Local\Yarn\bin;C:\Users\CARNE MONGOLIANA\AppData\Local\GitHubDesktop\bin;C:\Users\CARNE MONGOLIANA\AppData\Roaming\Composer\vendor\bin;C:\Program Files\JetBrains\PyCharm Community Edition 2020.1.1\bin;;C:\Users\CARNE MONGOLIANA\AppData\Roaming\npm;C:\Users\CARNE MONGOLIANA\AppData\Local\Android\Sdk;

Yarn version: 
  1.22.0

Node version: 
  14.6.0

Platform: 
  win32 x64

Trace: 
  SyntaxError: C:\Users\CARNE MONGOLIANA\Desktop\Desarrosho\BsaleStore\package.json: Unexpected string in JSON at position 215
      at JSON.parse (<anonymous>)
      at C:\Program Files (x86)\Yarn\lib\cli.js:1625:59
      at Generator.next (<anonymous>)
      at step (C:\Program Files (x86)\Yarn\lib\cli.js:310:30)
      at C:\Program Files (x86)\Yarn\lib\cli.js:321:13

npm manifest: 
  {
    "name": "bsalestore",
    "version": "1.0.0",
    "description": "Backend for BsaleStore",
    "main": "index.js",
    "scripts": {
      "start": "node src/server.js",
      "dev" : "nodemon --watch src src/server.js"
      "test": "echo \"Error: no test specified\" && exit 1"
    },
    "author": "Claudio Vallejos",
    "license": "ISC",
    "dependencies": {
      "express": "^4.17.1",
      "nodemon": "^2.0.7"
    }
  }

yarn manifest: 
  No manifest

Lockfile: 
  No lockfile
